# JRE version: OpenJDK Runtime Environment Temurin-17.0.8.1+1 (17.0.8.1+1) (build 17.0.8.1+1)
# Java VM: OpenJDK 64-Bit Server VM Temurin-17.0.8.1+1 (17.0.8.1+1, mixed mode, tiered, compressed oops, compressed class ptrs, parallel gc, windows-amd64)
GC Precious Log:
 CPUs: 8 total, 8 available
 Memory: 7886M
 Large Page Support: Disabled
 NUMA Support: Disabled
 Compressed Oops: Enabled (32-bit)
 Alignments: Space 512K, Generation 512K, Heap 2M
 Heap Min Capacity: 100M
 Heap Initial Capacity: 100M
 Heap Max Capacity: 1G
 Pre-touch: Disabled
 Parallel Workers: 8
Heap:
 PSYoungGen      total 13824K, used 12931K [0x00000000eab00000, 0x00000000ebe00000, 0x0000000100000000)
  eden space 8192K, 98% used [0x00000000eab00000,0x00000000eb2da410,0x00000000eb300000)
  from space 5632K, 86% used [0x00000000eb880000,0x00000000ebd46958,0x00000000ebe00000)
  to   space 5632K, 0% used [0x00000000eb300000,0x00000000eb300000,0x00000000eb880000)
 ParOldGen       total 300032K, used 284129K [0x00000000c0000000, 0x00000000d2500000, 0x00000000eab00000)
  object space 300032K, 94% used [0x00000000c0000000,0x00000000d15787c0,0x00000000d2500000)
 Metaspace       used 61018K, committed 61952K, reserved 1114112K
  class space    used 6869K, committed 7296K, reserved 1048576K
GC Heap History (20 events):
Event: 61.550 GC heap before
{Heap before GC invocations=280 (full 11):
 PSYoungGen      total 9728K, used 9556K [0x00000000eab00000, 0x00000000eb700000, 0x0000000100000000)
  eden space 7168K, 100% used [0x00000000eab00000,0x00000000eb200000,0x00000000eb200000)
  from space 2560K, 93% used [0x00000000eb480000,0x00000000eb6d52f0,0x00000000eb700000)
  to   space 2560K, 0% used [0x00000000eb200000,0x00000000eb200000,0x00000000eb480000)
 ParOldGen       total 268288K, used 255183K [0x00000000c0000000, 0x00000000d0600000, 0x00000000eab00000)
  object space 268288K, 95% used [0x00000000c0000000,0x00000000cf933e08,0x00000000d0600000)
 Metaspace       used 59613K, committed 60544K, reserved 1114112K
  class space    used 6609K, committed 7040K, reserved 1048576K
}
Event: 61.554 GC heap after
{Heap after GC invocations=280 (full 11):
 PSYoungGen      total 9728K, used 2556K [0x00000000eab00000, 0x00000000ebe00000, 0x0000000100000000)
  eden space 7168K, 0% used [0x00000000eab00000,0x00000000eab00000,0x00000000eb200000)
  from space 2560K, 99% used [0x00000000eb200000,0x00000000eb47f138,0x00000000eb480000)
  to   space 5632K, 0% used [0x00000000eb880000,0x00000000eb880000,0x00000000ebe00000)
 ParOldGen       total 268288K, used 257581K [0x00000000c0000000, 0x00000000d0600000, 0x00000000eab00000)
  object space 268288K, 96% used [0x00000000c0000000,0x00000000cfb8b5d8,0x00000000d0600000)
 Metaspace       used 59613K, committed 60544K, reserved 1114112K
  class space    used 6609K, committed 7040K, reserved 1048576K
}
Event: 61.583 GC heap before
{Heap before GC invocations=281 (full 11):
 PSYoungGen      total 9728K, used 9724K [0x00000000eab00000, 0x00000000ebe00000, 0x0000000100000000)
  eden space 7168K, 100% used [0x00000000eab00000,0x00000000eb200000,0x00000000eb200000)
  from space 2560K, 99% used [0x00000000eb200000,0x00000000eb47f138,0x00000000eb480000)
  to   space 5632K, 0% used [0x00000000eb880000,0x00000000eb880000,0x00000000ebe00000)
 ParOldGen       total 268288K, used 257581K [0x00000000c0000000, 0x00000000d0600000, 0x00000000eab00000)
  object space 268288K, 96% used [0x00000000c0000000,0x00000000cfb8b5d8,0x00000000d0600000)
 Metaspace       used 59613K, committed 60544K, reserved 1114112K
  class space    used 6609K, committed 7040K, reserved 1048576K
}
Event: 61.588 GC heap after
{Heap after GC invocations=281 (full 11):
 PSYoungGen      total 11264K, used 2801K [0x00000000eab00000, 0x00000000ebb80000, 0x0000000100000000)
  eden space 8192K, 0% used [0x00000000eab00000,0x00000000eab00000,0x00000000eb300000)
  from space 3072K, 91% used [0x00000000eb880000,0x00000000ebb3c798,0x00000000ebb80000)
  to   space 3584K, 0% used [0x00000000eb480000,0x00000000eb480000,0x00000000eb800000)
 ParOldGen       total 268288K, used 260047K [0x00000000c0000000, 0x00000000d0600000, 0x00000000eab00000)
  object space 268288K, 96% used [0x00000000c0000000,0x00000000cfdf3f38,0x00000000d0600000)
 Metaspace       used 59613K, committed 60544K, reserved 1114112K
  class space    used 6609K, committed 7040K, reserved 1048576K
}
Event: 61.641 GC heap before
{Heap before GC invocations=282 (full 11):
 PSYoungGen      total 11264K, used 10993K [0x00000000eab00000, 0x00000000ebb80000, 0x0000000100000000)
  eden space 8192K, 100% used [0x00000000eab00000,0x00000000eb300000,0x00000000eb300000)
  from space 3072K, 91% used [0x00000000eb880000,0x00000000ebb3c798,0x00000000ebb80000)
  to   space 3584K, 0% used [0x00000000eb480000,0x00000000eb480000,0x00000000eb800000)
 ParOldGen       total 268288K, used 260047K [0x00000000c0000000, 0x00000000d0600000, 0x00000000eab00000)
  object space 268288K, 96% used [0x00000000c0000000,0x00000000cfdf3f38,0x00000000d0600000)
 Metaspace       used 59613K, committed 60544K, reserved 1114112K
  class space    used 6609K, committed 7040K, reserved 1048576K
}
Event: 61.649 GC heap after
{Heap after GC invocations=282 (full 11):
 PSYoungGen      total 13312K, used 3307K [0x00000000eab00000, 0x00000000ebb80000, 0x0000000100000000)
  eden space 9728K, 0% used [0x00000000eab00000,0x00000000eab00000,0x00000000eb480000)
  from space 3584K, 92% used [0x00000000eb480000,0x00000000eb7bad90,0x00000000eb800000)
  to   space 3584K, 0% used [0x00000000eb800000,0x00000000eb800000,0x00000000ebb80000)
 ParOldGen       total 268288K, used 262697K [0x00000000c0000000, 0x00000000d0600000, 0x00000000eab00000)
  object space 268288K, 97% used [0x00000000c0000000,0x00000000d008a528,0x00000000d0600000)
 Metaspace       used 59613K, committed 60544K, reserved 1114112K
  class space    used 6609K, committed 7040K, reserved 1048576K
}
Event: 61.687 GC heap before
{Heap before GC invocations=283 (full 11):
 PSYoungGen      total 13312K, used 13035K [0x00000000eab00000, 0x00000000ebb80000, 0x0000000100000000)
  eden space 9728K, 100% used [0x00000000eab00000,0x00000000eb480000,0x00000000eb480000)
  from space 3584K, 92% used [0x00000000eb480000,0x00000000eb7bad90,0x00000000eb800000)
  to   space 3584K, 0% used [0x00000000eb800000,0x00000000eb800000,0x00000000ebb80000)
 ParOldGen       total 268288K, used 262697K [0x00000000c0000000, 0x00000000d0600000, 0x00000000eab00000)
  object space 268288K, 97% used [0x00000000c0000000,0x00000000d008a528,0x00000000d0600000)
 Metaspace       used 59613K, committed 60544K, reserved 1114112K
  class space    used 6609K, committed 7040K, reserved 1048576K
}
Event: 61.692 GC heap after
{Heap after GC invocations=283 (full 11):
 PSYoungGen      total 12800K, used 3576K [0x00000000eab00000, 0x00000000ebe00000, 0x0000000100000000)
  eden space 9216K, 0% used [0x00000000eab00000,0x00000000eab00000,0x00000000eb400000)
  from space 3584K, 99% used [0x00000000eb800000,0x00000000ebb7e200,0x00000000ebb80000)
  to   space 4096K, 0% used [0x00000000eb400000,0x00000000eb400000,0x00000000eb800000)
 ParOldGen       total 268288K, used 266355K [0x00000000c0000000, 0x00000000d0600000, 0x00000000eab00000)
  object space 268288K, 99% used [0x00000000c0000000,0x00000000d041cf98,0x00000000d0600000)
 Metaspace       used 59613K, committed 60544K, reserved 1114112K
  class space    used 6609K, committed 7040K, reserved 1048576K
}
Event: 61.692 GC heap before
{Heap before GC invocations=284 (full 12):
 PSYoungGen      total 12800K, used 3576K [0x00000000eab00000, 0x00000000ebe00000, 0x0000000100000000)
  eden space 9216K, 0% used [0x00000000eab00000,0x00000000eab00000,0x00000000eb400000)
  from space 3584K, 99% used [0x00000000eb800000,0x00000000ebb7e200,0x00000000ebb80000)
  to   space 4096K, 0% used [0x00000000eb400000,0x00000000eb400000,0x00000000eb800000)
 ParOldGen       total 268288K, used 266355K [0x00000000c0000000, 0x00000000d0600000, 0x00000000eab00000)
  object space 268288K, 99% used [0x00000000c0000000,0x00000000d041cf98,0x00000000d0600000)
 Metaspace       used 59613K, committed 60544K, reserved 1114112K
  class space    used 6609K, committed 7040K, reserved 1048576K
}
Event: 62.290 GC heap after
{Heap after GC invocations=284 (full 12):
 PSYoungGen      total 12800K, used 415K [0x00000000eab00000, 0x00000000ebd00000, 0x0000000100000000)
  eden space 9216K, 0% used [0x00000000eab00000,0x00000000eab00000,0x00000000eb400000)
  from space 3584K, 11% used [0x00000000eb800000,0x00000000eb867d58,0x00000000ebb80000)
  to   space 4096K, 0% used [0x00000000eb400000,0x00000000eb400000,0x00000000eb800000)
 ParOldGen       total 300032K, used 268003K [0x00000000c0000000, 0x00000000d2500000, 0x00000000eab00000)
  object space 300032K, 89% used [0x00000000c0000000,0x00000000d05b8ed0,0x00000000d2500000)
 Metaspace       used 59613K, committed 60544K, reserved 1114112K
  class space    used 6609K, committed 7040K, reserved 1048576K
}
Event: 62.471 GC heap before
{Heap before GC invocations=285 (full 12):
 PSYoungGen      total 12800K, used 9631K [0x00000000eab00000, 0x00000000ebd00000, 0x0000000100000000)
  eden space 9216K, 100% used [0x00000000eab00000,0x00000000eb400000,0x00000000eb400000)
  from space 3584K, 11% used [0x00000000eb800000,0x00000000eb867d58,0x00000000ebb80000)
  to   space 4096K, 0% used [0x00000000eb400000,0x00000000eb400000,0x00000000eb800000)
 ParOldGen       total 300032K, used 268003K [0x00000000c0000000, 0x00000000d2500000, 0x00000000eab00000)
  object space 300032K, 89% used [0x00000000c0000000,0x00000000d05b8ed0,0x00000000d2500000)
 Metaspace       used 59613K, committed 60544K, reserved 1114112K
  class space    used 6609K, committed 7040K, reserved 1048576K
}
Event: 62.506 GC heap after
{Heap after GC invocations=285 (full 12):
 PSYoungGen      total 13312K, used 3426K [0x00000000eab00000, 0x00000000ebc00000, 0x0000000100000000)
  eden space 9216K, 0% used [0x00000000eab00000,0x00000000eab00000,0x00000000eb400000)
  from space 4096K, 83% used [0x00000000eb400000,0x00000000eb758968,0x00000000eb800000)
  to   space 3584K, 0% used [0x00000000eb880000,0x00000000eb880000,0x00000000ebc00000)
 ParOldGen       total 300032K, used 268426K [0x00000000c0000000, 0x00000000d2500000, 0x00000000eab00000)
  object space 300032K, 89% used [0x00000000c0000000,0x00000000d0622b60,0x00000000d2500000)
 Metaspace       used 59613K, committed 60544K, reserved 1114112K
  class space    used 6609K, committed 7040K, reserved 1048576K
}
Event: 63.754 GC heap before
{Heap before GC invocations=286 (full 12):
 PSYoungGen      total 13312K, used 12642K [0x00000000eab00000, 0x00000000ebc00000, 0x0000000100000000)
  eden space 9216K, 100% used [0x00000000eab00000,0x00000000eb400000,0x00000000eb400000)
  from space 4096K, 83% used [0x00000000eb400000,0x00000000eb758968,0x00000000eb800000)
  to   space 3584K, 0% used [0x00000000eb880000,0x00000000eb880000,0x00000000ebc00000)
 ParOldGen       total 300032K, used 268426K [0x00000000c0000000, 0x00000000d2500000, 0x00000000eab00000)
  object space 300032K, 89% used [0x00000000c0000000,0x00000000d0622b60,0x00000000d2500000)
 Metaspace       used 59630K, committed 60608K, reserved 1114112K
  class space    used 6610K, committed 7040K, reserved 1048576K
}
Event: 63.761 GC heap after
{Heap after GC invocations=286 (full 12):
 PSYoungGen      total 11264K, used 3572K [0x00000000eab00000, 0x00000000ec100000, 0x0000000100000000)
  eden space 7680K, 0% used [0x00000000eab00000,0x00000000eab00000,0x00000000eb280000)
  from space 3584K, 99% used [0x00000000eb880000,0x00000000ebbfd000,0x00000000ebc00000)
  to   space 6144K, 0% used [0x00000000eb280000,0x00000000eb280000,0x00000000eb880000)
 ParOldGen       total 300032K, used 270514K [0x00000000c0000000, 0x00000000d2500000, 0x00000000eab00000)
  object space 300032K, 90% used [0x00000000c0000000,0x00000000d082c868,0x00000000d2500000)
 Metaspace       used 59630K, committed 60608K, reserved 1114112K
  class space    used 6610K, committed 7040K, reserved 1048576K
}
Event: 64.682 GC heap before
{Heap before GC invocations=287 (full 12):
 PSYoungGen      total 11264K, used 11252K [0x00000000eab00000, 0x00000000ec100000, 0x0000000100000000)
  eden space 7680K, 100% used [0x00000000eab00000,0x00000000eb280000,0x00000000eb280000)
  from space 3584K, 99% used [0x00000000eb880000,0x00000000ebbfd000,0x00000000ebc00000)
  to   space 6144K, 0% used [0x00000000eb280000,0x00000000eb280000,0x00000000eb880000)
 ParOldGen       total 300032K, used 270514K [0x00000000c0000000, 0x00000000d2500000, 0x00000000eab00000)
  object space 300032K, 90% used [0x00000000c0000000,0x00000000d082c868,0x00000000d2500000)
 Metaspace       used 59634K, committed 60608K, reserved 1114112K
  class space    used 6610K, committed 7040K, reserved 1048576K
}
Event: 64.693 GC heap after
{Heap after GC invocations=287 (full 12):
 PSYoungGen      total 13824K, used 5470K [0x00000000eab00000, 0x00000000ebe00000, 0x0000000100000000)
  eden space 7680K, 0% used [0x00000000eab00000,0x00000000eab00000,0x00000000eb280000)
  from space 6144K, 89% used [0x00000000eb280000,0x00000000eb7d7bd0,0x00000000eb880000)
  to   space 5632K, 0% used [0x00000000eb880000,0x00000000eb880000,0x00000000ebe00000)
 ParOldGen       total 300032K, used 273954K [0x00000000c0000000, 0x00000000d2500000, 0x00000000eab00000)
  object space 300032K, 91% used [0x00000000c0000000,0x00000000d0b88920,0x00000000d2500000)
 Metaspace       used 59634K, committed 60608K, reserved 1114112K
  class space    used 6610K, committed 7040K, reserved 1048576K
}
Event: 65.311 GC heap before
{Heap before GC invocations=288 (full 12):
 PSYoungGen      total 13824K, used 13150K [0x00000000eab00000, 0x00000000ebe00000, 0x0000000100000000)
  eden space 7680K, 100% used [0x00000000eab00000,0x00000000eb280000,0x00000000eb280000)
  from space 6144K, 89% used [0x00000000eb280000,0x00000000eb7d7bd0,0x00000000eb880000)
  to   space 5632K, 0% used [0x00000000eb880000,0x00000000eb880000,0x00000000ebe00000)
 ParOldGen       total 300032K, used 273954K [0x00000000c0000000, 0x00000000d2500000, 0x00000000eab00000)
  object space 300032K, 91% used [0x00000000c0000000,0x00000000d0b88920,0x00000000d2500000)
 Metaspace       used 59634K, committed 60608K, reserved 1114112K
  class space    used 6610K, committed 7040K, reserved 1048576K
}
Event: 65.343 GC heap after
{Heap after GC invocations=288 (full 12):
 PSYoungGen      total 13312K, used 5625K [0x00000000eab00000, 0x00000000ebe00000, 0x0000000100000000)
  eden space 7680K, 0% used [0x00000000eab00000,0x00000000eab00000,0x00000000eb280000)
  from space 5632K, 99% used [0x00000000eb880000,0x00000000ebdfe620,0x00000000ebe00000)
  to   space 6144K, 0% used [0x00000000eb280000,0x00000000eb280000,0x00000000eb880000)
 ParOldGen       total 300032K, used 278870K [0x00000000c0000000, 0x00000000d2500000, 0x00000000eab00000)
  object space 300032K, 92% used [0x00000000c0000000,0x00000000d10558e8,0x00000000d2500000)
 Metaspace       used 59634K, committed 60608K, reserved 1114112K
  class space    used 6610K, committed 7040K, reserved 1048576K
}
Event: 71.175 GC heap before
{Heap before GC invocations=289 (full 12):
 PSYoungGen      total 13312K, used 13305K [0x00000000eab00000, 0x00000000ebe00000, 0x0000000100000000)
  eden space 7680K, 100% used [0x00000000eab00000,0x00000000eb280000,0x00000000eb280000)
  from space 5632K, 99% used [0x00000000eb880000,0x00000000ebdfe620,0x00000000ebe00000)
  to   space 6144K, 0% used [0x00000000eb280000,0x00000000eb280000,0x00000000eb880000)
 ParOldGen       total 300032K, used 278870K [0x00000000c0000000, 0x00000000d2500000, 0x00000000eab00000)
  object space 300032K, 92% used [0x00000000c0000000,0x00000000d10558e8,0x00000000d2500000)
 Metaspace       used 60165K, committed 61056K, reserved 1114112K
  class space    used 6710K, committed 7104K, reserved 1048576K
}
Event: 71.183 GC heap after
{Heap after GC invocations=289 (full 12):
 PSYoungGen      total 13824K, used 2194K [0x00000000eab00000, 0x00000000ebe00000, 0x0000000100000000)
  eden space 7680K, 0% used [0x00000000eab00000,0x00000000eab00000,0x00000000eb280000)
  from space 6144K, 35% used [0x00000000eb280000,0x00000000eb4a4b28,0x00000000eb880000)
  to   space 5632K, 0% used [0x00000000eb880000,0x00000000eb880000,0x00000000ebe00000)
 ParOldGen       total 300032K, used 284129K [0x00000000c0000000, 0x00000000d2500000, 0x00000000eab00000)
  object space 300032K, 94% used [0x00000000c0000000,0x00000000d15787c0,0x00000000d2500000)
 Metaspace       used 60165K, committed 61056K, reserved 1114112K
  class space    used 6710K, committed 7104K, reserved 1048576K
}

